game,battle,-1,0
game,turn,-1,0
opponent,pokeid,-1,176
opponent,defense,-1,8
opponent,move,-1,117
opponent,max_hp,-1,17
opponent,speed,-1,9
opponent,special,-1,6
opponent,hp,-1,17
opponent,attack,-1,7
gaetano,max_hp,-1,34
gaetano,move,-1,0
gaetano,miss,-1,0
gaetano,special,-1,22
gaetano,hp,-1,8
gaetano,critical,-1,0
gaetano,speed,-1,25
gaetano,pokeid,-1,123
gaetano,defense,-1,20
gaetano,attack,-1,19
opponent,pokeid,176,0
game,battle,0,1
opponent,defense,8,6
opponent,max_hp,17,15
opponent,speed,9,8
opponent,hp,17,15
gaetano,pokeid,123,112
opponent,pokeid,0,176
gaetano,move,0,165
gaetano,move,165,10
gaetano,move,10,45
gaetano,move,45,52
gaetano,move,52,45
gaetano,move,45,10
gaetano,move,10,45
gaetano,move,45,52
gaetano,move,52,45
gaetano,move,45,10
gaetano,move,10,50
opponent,hp,15,0
